SF:lib\ms_iterable_utils.dart
DA:7,2
DA:9,2
DA:11,0
DA:13,0
DA:15,2
DA:17,2
DA:19,1
DA:20,1
DA:22,1
DA:23,1
DA:25,2
DA:27,2
DA:29,2
DA:31,2
DA:33,1
DA:34,1
DA:36,1
DA:37,1
DA:39,2
LF:19
LH:17
end_of_record
SF:lib\functions\add_around.dart
DA:3,1
DA:4,2
DA:5,3
DA:6,1
DA:7,2
DA:8,1
DA:9,4
DA:12,3
DA:17,2
DA:18,6
DA:21,2
DA:22,6
LF:12
LH:12
end_of_record
SF:lib\functions\first_where_or_add.dart
DA:5,1
DA:7,2
DA:8,1
DA:10,1
DA:11,1
LF:5
LH:5
end_of_record
SF:lib\functions\to_stream.dart
DA:3,1
DA:4,2
DA:5,2
DA:6,1
LF:4
LH:4
end_of_record
SF:lib\functions\is_last.dart
DA:3,2
DA:4,4
DA:7,1
DA:8,3
LF:4
LH:4
end_of_record
SF:lib\functions\is_first.dart
DA:3,1
DA:4,2
DA:7,1
DA:8,1
LF:4
LH:4
end_of_record
SF:lib\functions\first_or_null.dart
DA:3,2
DA:4,2
DA:5,2
LF:3
LH:3
end_of_record
SF:lib\functions\join.dart
DA:3,1
DA:4,1
DA:5,1
DA:6,1
DA:7,1
DA:9,3
DA:10,1
DA:12,3
DA:13,1
DA:14,2
DA:15,1
DA:17,1
DA:19,3
DA:22,1
LF:14
LH:14
end_of_record
SF:lib\functions\last_or_null.dart
DA:3,3
DA:4,3
DA:5,3
LF:3
LH:3
end_of_record
SF:lib\functions\add_between.dart
DA:3,1
DA:4,2
DA:5,3
DA:6,1
DA:7,2
DA:8,1
DA:9,4
DA:12,3
LF:8
LH:8
end_of_record
SF:lib\functions\last_where_or_add.dart
DA:3,1
DA:6,2
DA:7,1
DA:10,1
DA:11,1
LF:5
LH:5
end_of_record
SF:lib\functions\to_map.dart
DA:5,1
DA:6,2
LF:2
LH:2
end_of_record
