SF:lib\extensions\ms_iterable_utils.dart
DA:5,2
DA:8,2
DA:12,2
DA:15,2
DA:18,2
DA:21,1
DA:22,1
DA:25,2
DA:28,2
DA:31,1
DA:32,1
DA:39,2
DA:46,1
DA:47,1
DA:50,2
DA:53,2
DA:56,2
DA:59,2
DA:62,1
DA:63,1
DA:66,1
DA:67,1
DA:70,1
DA:71,1
DA:74,2
DA:99,1
DA:100,1
DA:103,1
DA:105,1
DA:108,1
DA:110,1
LF:31
LH:31
end_of_record
SF:lib\functions\add_around.dart
DA:9,1
DA:10,2
DA:11,3
DA:12,1
DA:13,2
DA:14,1
DA:15,4
DA:18,3
DA:24,3
DA:25,9
DA:29,3
DA:30,3
DA:31,9
LF:13
LH:13
end_of_record
SF:lib\functions\first_where_or_add.dart
DA:7,1
DA:9,2
DA:10,1
DA:12,1
DA:13,1
LF:5
LH:5
end_of_record
SF:lib\functions\asyncs.dart
DA:20,1
DA:23,1
DA:24,2
DA:25,3
DA:26,1
DA:32,1
DA:35,2
DA:36,3
DA:41,1
DA:44,2
DA:45,4
DA:46,1
LF:12
LH:12
end_of_record
SF:lib\functions\first_where_or_null.dart
DA:3,1
DA:4,2
DA:5,1
LF:3
LH:3
end_of_record
SF:lib\functions\is_first.dart
DA:4,1
DA:5,2
DA:9,1
DA:10,1
LF:4
LH:4
end_of_record
SF:lib\functions\contains.dart
DA:4,1
DA:6,2
DA:7,1
DA:15,1
DA:17,2
DA:18,1
DA:26,1
DA:27,1
DA:28,1
DA:32,1
DA:34,2
DA:35,1
DA:36,1
LF:13
LH:13
end_of_record
SF:lib\functions\join.dart
DA:4,1
DA:5,1
DA:6,1
DA:7,1
DA:8,1
DA:10,3
DA:11,1
DA:13,3
DA:14,1
DA:15,2
DA:16,1
DA:18,1
DA:20,3
DA:23,1
LF:14
LH:14
end_of_record
SF:lib\functions\is_last.dart
DA:4,2
DA:5,4
DA:9,1
DA:10,3
LF:4
LH:4
end_of_record
SF:lib\functions\add_between.dart
DA:4,1
DA:5,2
DA:6,3
DA:7,1
DA:8,2
DA:9,1
DA:10,4
DA:13,3
LF:8
LH:8
end_of_record
SF:lib\functions\to_map.dart
DA:7,1
DA:8,2
LF:2
LH:2
end_of_record
SF:lib\functions\diff.dart
DA:4,1
DA:5,1
DA:6,2
DA:7,1
DA:8,1
LF:5
LH:5
end_of_record
SF:lib\functions\flat.dart
DA:8,1
DA:10,5
DA:11,1
DA:12,1
LF:4
LH:4
end_of_record
SF:lib\functions\first_or_null.dart
DA:4,2
DA:5,2
DA:6,2
LF:3
LH:3
end_of_record
SF:lib\functions\to_stream.dart
DA:4,1
DA:5,2
DA:6,2
DA:7,1
LF:4
LH:4
end_of_record
SF:lib\functions\group_by_size.dart
DA:26,2
DA:27,6
DA:28,2
DA:29,8
DA:30,4
DA:32,4
LF:6
LH:6
end_of_record
SF:lib\functions\last_or_null.dart
DA:4,3
DA:5,3
DA:6,3
LF:3
LH:3
end_of_record
SF:lib\functions\last_where_or_add.dart
DA:4,1
DA:7,2
DA:8,1
DA:11,1
DA:12,1
LF:5
LH:5
end_of_record
SF:lib\functions\last_where_or_null.dart
DA:3,1
DA:5,2
DA:6,1
LF:3
LH:3
end_of_record
SF:lib\extensions\ms_list_utils.dart
DA:10,2
DA:13,2
DA:16,1
DA:17,1
DA:20,1
DA:21,1
DA:24,2
DA:27,2
LF:8
LH:8
end_of_record
SF:lib\functions\intersection.dart
DA:8,1
DA:9,2
DA:10,1
LF:3
LH:3
end_of_record
